
=== Thu Oct 17 13:16:14 2019

Packages were changed.
Update Mode: mergeDefaultDependencies

The following packages were added:
  com.unity.package-manager-ui@2.2.0
  com.unity.ext.nunit@1.0.0
  com.unity.test-framework@1.0.13
  com.unity.ide.vscode@1.0.7
  com.unity.ide.rider@1.1.0
  com.unity.ugui@1.0.0
  com.unity.modules.androidjni@1.0.0
The following packages were updated:
  com.unity.collab-proxy from version 1.2.9 to 1.2.16
  com.unity.textmeshpro from version 2.0.0 to 2.0.1
  com.unity.timeline from version 0.0.0-builtin to 1.1.0

=== Thu Oct 17 13:25:17 2019

Packages were changed.
Update Mode: mergeDefaultDependencies

The following packages were added:
  com.unity.ads@2.0.8
  com.unity.analytics@3.3.2
  com.unity.purchasing@2.0.6
  com.unity.xr.legacyinputhelpers@2.0.2

=== Wed Oct 30 22:13:43 2019

Packages were changed.
Update Mode: updateDependencies

The following packages were added:
  com.unity.2d.tilemap@1.0.0
  com.unity.2d.sprite@1.0.0
  com.unity.multiplayer-hlapi@1.0.2
The following packages were updated:
  com.unity.ide.vscode from version 1.0.7 to 1.1.2
